#
# There is insufficient memory for the Java Runtime Environment to continue.
# Native memory allocation (malloc) failed to allocate 746384 bytes for Chunk::new
# Possible reasons:
#   The system is out of physical RAM or swap space
#   In 32 bit mode, the process size limit was hit
# Possible solutions:
#   Reduce memory load on the system
#   Increase physical memory or swap space
#   Check if swap backing store is full
#   Use 64 bit Java on a 64 bit OS
#   Decrease Java heap size (-Xmx/-Xms)
#   Decrease number of Java threads
#   Decrease Java thread stack sizes (-Xss)
#   Set larger code cache with -XX:ReservedCodeCacheSize=
# This output file may be truncated or incomplete.
#
#  Out of Memory Error (allocation.cpp:390), pid=4268, tid=0x0000000000000868
#
# JRE version: Java(TM) SE Runtime Environment (8.0_144-b01) (build 1.8.0_144-b01)
# Java VM: Java HotSpot(TM) 64-Bit Server VM (25.144-b01 mixed mode windows-amd64 compressed oops)
# Failed to write core dump. Minidumps are not enabled by default on client versions of Windows
#

---------------  T H R E A D  ---------------

Current thread (0x00000000191fa800):  JavaThread "C2 CompilerThread1" daemon [_thread_in_native, id=2152, stack(0x00000000199c0000,0x0000000019ac0000)]

Stack: [0x00000000199c0000,0x0000000019ac0000]
[error occurred during error reporting (printing stack bounds), id 0xc0000005]

Native frames: (J=compiled Java code, j=interpreted, Vv=VM code, C=native code)


Current CompileTask:
C2:  41988 4940       4       org.apache.maven.artifact.versioning.ComparableVersion::parseVersion (389 bytes)


---------------  P R O C E S S  ---------------

Java Threads: ( => current thread )
  0x0000000019295000 JavaThread "Service Thread" daemon [_thread_blocked, id=2044, stack(0x0000000019bc0000,0x0000000019cc0000)]
  0x00000000191fd800 JavaThread "C1 CompilerThread2" daemon [_thread_blocked, id=1088, stack(0x0000000019ac0000,0x0000000019bc0000)]
=>0x00000000191fa800 JavaThread "C2 CompilerThread1" daemon [_thread_in_native, id=2152, stack(0x00000000199c0000,0x0000000019ac0000)]
  0x00000000191f6000 JavaThread "C2 CompilerThread0" daemon [_thread_blocked, id=9456, stack(0x00000000198c0000,0x00000000199c0000)]
  0x0000000017e8c000 JavaThread "Monitor Ctrl-Break" daemon [_thread_in_native, id=9088, stack(0x00000000197c0000,0x00000000198c0000)]
  0x0000000017e89000 JavaThread "Attach Listener" daemon [_thread_blocked, id=8652, stack(0x00000000196c0000,0x00000000197c0000)]
  0x00000000191d0800 JavaThread "Signal Dispatcher" daemon [_thread_blocked, id=5080, stack(0x00000000195c0000,0x00000000196c0000)]
  0x0000000017e1a000 JavaThread "Finalizer" daemon [_thread_blocked, id=6128, stack(0x00000000190c0000,0x00000000191c0000)]
  0x0000000017df8800 JavaThread "Reference Handler" daemon [_thread_blocked, id=4212, stack(0x0000000018fc0000,0x00000000190c0000)]
  0x000000000143e000 JavaThread "main" [_thread_in_native, id=6012, stack(0x0000000002fa0000,0x00000000030a0000)]

Other Threads:
  0x0000000017df7000 VMThread [stack: 0x0000000018ec0000,0x0000000018fc0000] [id=8152]
  0x00000000192a3800 WatcherThread [stack: 0x0000000019cc0000,0x0000000019dc0000] [id=7732]

VM state:not at safepoint (normal execution)

VM Mutex/Monitor currently owned by a thread: None

Heap:
 PSYoungGen      total 217600K, used 88283K [0x00000000d5f00000, 0x00000000e5400000, 0x0000000100000000)
  eden space 199680K, 35% used [0x00000000d5f00000,0x00000000da3b7848,0x00000000e2200000)
  from space 17920K, 99% used [0x00000000e3b80000,0x00000000e4cff598,0x00000000e4d00000)
  to   space 25600K, 0% used [0x00000000e2200000,0x00000000e2200000,0x00000000e3b00000)
 ParOldGen       total 75776K, used 33725K [0x0000000081c00000, 0x0000000086600000, 0x00000000d5f00000)
  object space 75776K, 44% used [0x0000000081c00000,0x0000000083cef5e0,0x0000000086600000)
 Metaspace       used 29079K, capacity 29716K, committed 30080K, reserved 1075200K
  class space    used 3409K, capacity 3643K, committed 3712K, reserved 1048576K

Card table byte_map: [0x00000000126c0000,0x0000000012ac0000] byte_map_base: 0x00000000122b2000

Marking Bits: (ParMarkBitMap*) 0x000000005775d850
 Begin Bits: [0x0000000013170000, 0x0000000015100000)
 End Bits:   [0x0000000015100000, 0x0000000017090000)

Polling page: 0x0000000000ed0000

CodeCache: size=245760Kb used=15024Kb max_used=17459Kb free=230735Kb
 bounds [0x0000000003300000, 0x0000000004420000, 0x0000000012300000]
 total_blobs=4810 nmethods=4333 adapters=389
 compilation: enabled

Compilation events (10 events):
Event: 41.964 Thread 0x00000000191fd800 nmethod 4969 0x000000000406e590 code [0x000000000406e7c0, 0x000000000406f398]
Event: 41.967 Thread 0x00000000191f6000 nmethod 4968 0x00000000038db6d0 code [0x00000000038db8c0, 0x00000000038dbda0]
Event: 41.969 Thread 0x00000000191fd800 4970       3       org.eclipse.sisu.plexus.PlexusTypeBinder::hear (193 bytes)
Event: 41.971 Thread 0x00000000191fd800 nmethod 4970 0x00000000038fd1d0 code [0x00000000038fd6e0, 0x0000000003900828]
Event: 41.971 Thread 0x00000000191fd800 4971       3       sun.net.www.protocol.jar.URLJarFile::close (22 bytes)
Event: 41.971 Thread 0x00000000191fd800 nmethod 4971 0x000000000364b7d0 code [0x000000000364b940, 0x000000000364bb98]
Event: 41.971 Thread 0x00000000191fd800 4972   !   3       sun.net.www.protocol.jar.JarFileFactory::close (45 bytes)
Event: 41.972 Thread 0x00000000191fd800 nmethod 4972 0x00000000035f6e90 code [0x00000000035f70a0, 0x00000000035f7bc8]
Event: 41.972 Thread 0x00000000191fd800 4973       3       java.lang.Throwable::<init> (34 bytes)
Event: 41.973 Thread 0x00000000191fd800 nmethod 4973 0x00000000034f6a90 code [0x00000000034f6c20, 0x00000000034f71a8]

GC Heap History (10 events):
Event: 1.574 GC heap before
{Heap before GC invocations=3 (full 0):
 PSYoungGen      total 71680K, used 71657K [0x00000000d5f00000, 0x00000000daa00000, 0x0000000100000000)
  eden space 66560K, 100% used [0x00000000d5f00000,0x00000000da000000,0x00000000da000000)
  from space 5120K, 99% used [0x00000000da500000,0x00000000da9fa6d8,0x00000000daa00000)
  to   space 5120K, 0% used [0x00000000da000000,0x00000000da000000,0x00000000da500000)
 ParOldGen       total 87552K, used 1374K [0x0000000081c00000, 0x0000000087180000, 0x00000000d5f00000)
  object space 87552K, 1% used [0x0000000081c00000,0x0000000081d57820,0x0000000087180000)
 Metaspace       used 15640K, capacity 15956K, committed 16128K, reserved 1062912K
  class space    used 1886K, capacity 1976K, committed 2048K, reserved 1048576K
Event: 1.589 GC heap after
Heap after GC invocations=3 (full 0):
 PSYoungGen      total 71680K, used 5112K [0x00000000d5f00000, 0x00000000deb00000, 0x0000000100000000)
  eden space 66560K, 0% used [0x00000000d5f00000,0x00000000d5f00000,0x00000000da000000)
  from space 5120K, 99% used [0x00000000da000000,0x00000000da4fe030,0x00000000da500000)
  to   space 5120K, 0% used [0x00000000de600000,0x00000000de600000,0x00000000deb00000)
 ParOldGen       total 87552K, used 9174K [0x0000000081c00000, 0x0000000087180000, 0x00000000d5f00000)
  object space 87552K, 10% used [0x0000000081c00000,0x00000000824f5818,0x0000000087180000)
 Metaspace       used 15640K, capacity 15956K, committed 16128K, reserved 1062912K
  class space    used 1886K, capacity 1976K, committed 2048K, reserved 1048576K
}
Event: 5.783 GC heap before
{Heap before GC invocations=4 (full 0):
 PSYoungGen      total 71680K, used 59943K [0x00000000d5f00000, 0x00000000deb00000, 0x0000000100000000)
  eden space 66560K, 82% used [0x00000000d5f00000,0x00000000d948bdd8,0x00000000da000000)
  from space 5120K, 99% used [0x00000000da000000,0x00000000da4fe030,0x00000000da500000)
  to   space 5120K, 0% used [0x00000000de600000,0x00000000de600000,0x00000000deb00000)
 ParOldGen       total 87552K, used 9174K [0x0000000081c00000, 0x0000000087180000, 0x00000000d5f00000)
  object space 87552K, 10% used [0x0000000081c00000,0x00000000824f5818,0x0000000087180000)
 Metaspace       used 20670K, capacity 21066K, committed 21296K, reserved 1069056K
  class space    used 2495K, capacity 2669K, committed 2688K, reserved 1048576K
Event: 5.798 GC heap after
Heap after GC invocations=4 (full 0):
 PSYoungGen      total 138240K, used 5096K [0x00000000d5f00000, 0x00000000deb00000, 0x0000000100000000)
  eden space 133120K, 0% used [0x00000000d5f00000,0x00000000d5f00000,0x00000000de100000)
  from space 5120K, 99% used [0x00000000de600000,0x00000000deafa050,0x00000000deb00000)
  to   space 5120K, 0% used [0x00000000de100000,0x00000000de100000,0x00000000de600000)
 ParOldGen       total 87552K, used 17090K [0x0000000081c00000, 0x0000000087180000, 0x00000000d5f00000)
  object space 87552K, 19% used [0x0000000081c00000,0x0000000082cb0bb0,0x0000000087180000)
 Metaspace       used 20670K, capacity 21066K, committed 21296K, reserved 1069056K
  class space    used 2495K, capacity 2669K, committed 2688K, reserved 1048576K
}
Event: 5.798 GC heap before
{Heap before GC invocations=5 (full 1):
 PSYoungGen      total 138240K, used 5096K [0x00000000d5f00000, 0x00000000deb00000, 0x0000000100000000)
  eden space 133120K, 0% used [0x00000000d5f00000,0x00000000d5f00000,0x00000000de100000)
  from space 5120K, 99% used [0x00000000de600000,0x00000000deafa050,0x00000000deb00000)
  to   space 5120K, 0% used [0x00000000de100000,0x00000000de100000,0x00000000de600000)
 ParOldGen       total 87552K, used 17090K [0x0000000081c00000, 0x0000000087180000, 0x00000000d5f00000)
  object space 87552K, 19% used [0x0000000081c00000,0x0000000082cb0bb0,0x0000000087180000)
 Metaspace       used 20670K, capacity 21066K, committed 21296K, reserved 1069056K
  class space    used 2495K, capacity 2669K, committed 2688K, reserved 1048576K
Event: 5.858 GC heap after
Heap after GC invocations=5 (full 1):
 PSYoungGen      total 138240K, used 0K [0x00000000d5f00000, 0x00000000deb00000, 0x0000000100000000)
  eden space 133120K, 0% used [0x00000000d5f00000,0x00000000d5f00000,0x00000000de100000)
  from space 5120K, 0% used [0x00000000de600000,0x00000000de600000,0x00000000deb00000)
  to   space 5120K, 0% used [0x00000000de100000,0x00000000de100000,0x00000000de600000)
 ParOldGen       total 75776K, used 17380K [0x0000000081c00000, 0x0000000086600000, 0x00000000d5f00000)
  object space 75776K, 22% used [0x0000000081c00000,0x0000000082cf91f0,0x0000000086600000)
 Metaspace       used 20670K, capacity 21066K, committed 21296K, reserved 1069056K
  class space    used 2495K, capacity 2669K, committed 2688K, reserved 1048576K
}
Event: 10.154 GC heap before
{Heap before GC invocations=6 (full 1):
 PSYoungGen      total 138240K, used 133120K [0x00000000d5f00000, 0x00000000deb00000, 0x0000000100000000)
  eden space 133120K, 100% used [0x00000000d5f00000,0x00000000de100000,0x00000000de100000)
  from space 5120K, 0% used [0x00000000de600000,0x00000000de600000,0x00000000deb00000)
  to   space 5120K, 0% used [0x00000000de100000,0x00000000de100000,0x00000000de600000)
 ParOldGen       total 75776K, used 17380K [0x0000000081c00000, 0x0000000086600000, 0x00000000d5f00000)
  object space 75776K, 22% used [0x0000000081c00000,0x0000000082cf91f0,0x0000000086600000)
 Metaspace       used 21903K, capacity 22304K, committed 22704K, reserved 1069056K
  class space    used 2575K, capacity 2710K, committed 2816K, reserved 1048576K
Event: 10.187 GC heap after
Heap after GC invocations=6 (full 1):
 PSYoungGen      total 138240K, used 5120K [0x00000000d5f00000, 0x00000000e4d00000, 0x0000000100000000)
  eden space 133120K, 0% used [0x00000000d5f00000,0x00000000d5f00000,0x00000000de100000)
  from space 5120K, 100% used [0x00000000de100000,0x00000000de600000,0x00000000de600000)
  to   space 17920K, 0% used [0x00000000e3b80000,0x00000000e3b80000,0x00000000e4d00000)
 ParOldGen       total 75776K, used 25937K [0x0000000081c00000, 0x0000000086600000, 0x00000000d5f00000)
  object space 75776K, 34% used [0x0000000081c00000,0x00000000835544a0,0x0000000086600000)
 Metaspace       used 21903K, capacity 22304K, committed 22704K, reserved 1069056K
  class space    used 2575K, capacity 2710K, committed 2816K, reserved 1048576K
}
Event: 40.163 GC heap before
{Heap before GC invocations=7 (full 1):
 PSYoungGen      total 138240K, used 138240K [0x00000000d5f00000, 0x00000000e4d00000, 0x0000000100000000)
  eden space 133120K, 100% used [0x00000000d5f00000,0x00000000de100000,0x00000000de100000)
  from space 5120K, 100% used [0x00000000de100000,0x00000000de600000,0x00000000de600000)
  to   space 17920K, 0% used [0x00000000e3b80000,0x00000000e3b80000,0x00000000e4d00000)
 ParOldGen       total 75776K, used 25937K [0x0000000081c00000, 0x0000000086600000, 0x00000000d5f00000)
  object space 75776K, 34% used [0x0000000081c00000,0x00000000835544a0,0x0000000086600000)
 Metaspace       used 28277K, capacity 28836K, committed 29184K, reserved 1075200K
  class space    used 3345K, capacity 3568K, committed 3584K, reserved 1048576K
Event: 40.216 GC heap after
Heap after GC invocations=7 (full 1):
 PSYoungGen      total 217600K, used 17917K [0x00000000d5f00000, 0x00000000e5400000, 0x0000000100000000)
  eden space 199680K, 0% used [0x00000000d5f00000,0x00000000d5f00000,0x00000000e2200000)
  from space 17920K, 99% used [0x00000000e3b80000,0x00000000e4cff598,0x00000000e4d00000)
  to   space 25600K, 0% used [0x00000000e2200000,0x00000000e2200000,0x00000000e3b00000)
 ParOldGen       total 75776K, used 33725K [0x0000000081c00000, 0x0000000086600000, 0x00000000d5f00000)
  object space 75776K, 44% used [0x0000000081c00000,0x0000000083cef5e0,0x0000000086600000)
 Metaspace       used 28277K, capacity 28836K, committed 29184K, reserved 1075200K
  class space    used 3345K, capacity 3568K, committed 3584K, reserved 1048576K
}

Deoptimization events (10 events):
Event: 41.306 Thread 0x000000000143e000 Uncommon trap: reason=unstable_if action=reinterpret pc=0x0000000003a652f0 method=org.eclipse.sisu.plexus.RealmFilteredBeans$FilteredItr.hasNext()Z @ 44
Event: 41.306 Thread 0x000000000143e000 Uncommon trap: reason=bimorphic action=maybe_recompile pc=0x0000000003ab02b4 method=org.eclipse.sisu.inject.Guice4.getDeclaringSource(Lcom/google/inject/Binding;)Ljava/lang/Object; @ 1
Event: 41.562 Thread 0x000000000143e000 Uncommon trap: reason=unstable_if action=reinterpret pc=0x0000000003805058 method=com.google.inject.internal.MoreTypes.canonicalize(Ljava/lang/reflect/Type;)Ljava/lang/reflect/Type; @ 16
Event: 41.562 Thread 0x000000000143e000 Uncommon trap: reason=class_check action=maybe_recompile pc=0x00000000037e78ec method=com.google.inject.internal.MoreTypes.getRawType(Ljava/lang/reflect/Type;)Ljava/lang/Class; @ 13
Event: 41.563 Thread 0x000000000143e000 Uncommon trap: reason=unstable_if action=reinterpret pc=0x00000000037f114c method=com.google.inject.internal.MoreTypes.canonicalize(Ljava/lang/reflect/Type;)Ljava/lang/reflect/Type; @ 16
Event: 41.563 Thread 0x000000000143e000 Uncommon trap: reason=class_check action=maybe_recompile pc=0x00000000037e78ec method=com.google.inject.internal.MoreTypes.getRawType(Ljava/lang/reflect/Type;)Ljava/lang/Class; @ 13
Event: 41.563 Thread 0x000000000143e000 Uncommon trap: reason=class_check action=maybe_recompile pc=0x00000000037e78ec method=com.google.inject.internal.MoreTypes.getRawType(Ljava/lang/reflect/Type;)Ljava/lang/Class; @ 13
Event: 41.570 Thread 0x000000000143e000 Uncommon trap: reason=class_check action=maybe_recompile pc=0x00000000037e78ec method=com.google.inject.internal.MoreTypes.getRawType(Ljava/lang/reflect/Type;)Ljava/lang/Class; @ 13
Event: 41.604 Thread 0x000000001a4de800 Uncommon trap: reason=null_check action=make_not_entrant pc=0x00000000042bc9a4 method=java.lang.StringCoding.deref(Ljava/lang/ThreadLocal;)Ljava/lang/Object; @ 4
Event: 41.821 Thread 0x000000000143e000 Uncommon trap: reason=class_check action=maybe_recompile pc=0x0000000003ed6b04 method=org.eclipse.sisu.wire.EntryListAdapter$ValueIterator.hasNext()Z @ 4

Internal exceptions (10 events):
Event: 10.522 Thread 0x000000000143e000 Exception <a 'java/net/SocketTimeoutException': Read timed out> (0x00000000d741e790) thrown at [C:\re\workspace\8-2-build-windows-amd64-cygwin\jdk8u144\9417\hotspot\src\share\vm\prims\jni.cpp, line 735]
Event: 38.444 Thread 0x000000000143e000 Implicit null exception at 0x0000000003d11d7d to 0x0000000003d12195
Event: 38.448 Thread 0x000000000143e000 Implicit null exception at 0x0000000003d7060f to 0x0000000003d70da9
Event: 39.176 Thread 0x000000000143e000 Exception <a 'java/lang/ClassNotFoundException': com/sun/tools/javac/api/JavacTool> (0x00000000da8936d8) thrown at [C:\re\workspace\8-2-build-windows-amd64-cygwin\jdk8u144\9417\hotspot\src\share\vm\classfile\systemDictionary.cpp, line 210]
Event: 39.837 Thread 0x000000000143e000 Exception <a 'java/io/FileNotFoundException'> (0x00000000dcb17ca8) thrown at [C:\re\workspace\8-2-build-windows-amd64-cygwin\jdk8u144\9417\hotspot\src\share\vm\prims\jni.cpp, line 709]
Event: 39.838 Thread 0x000000000143e000 Exception <a 'java/io/FileNotFoundException'> (0x00000000dcb4cf38) thrown at [C:\re\workspace\8-2-build-windows-amd64-cygwin\jdk8u144\9417\hotspot\src\share\vm\prims\jni.cpp, line 709]
Event: 40.792 Thread 0x000000000143e000 Exception <a 'java/io/FileNotFoundException'> (0x00000000d7508578) thrown at [C:\re\workspace\8-2-build-windows-amd64-cygwin\jdk8u144\9417\hotspot\src\share\vm\prims\jni.cpp, line 709]
Event: 40.804 Thread 0x000000000143e000 Exception <a 'java/io/FileNotFoundException'> (0x00000000d7509e98) thrown at [C:\re\workspace\8-2-build-windows-amd64-cygwin\jdk8u144\9417\hotspot\src\share\vm\prims\jni.cpp, line 709]
Event: 41.580 Thread 0x000000000143e000 Exception <a 'java/lang/NoSuchMethodError': org.apache.maven.execution.MavenExecutionRequest.getFailureBehavior()Ljava/lang/String;> (0x00000000d9086268) thrown at [C:\re\workspace\8-2-build-windows-amd64-cygwin\jdk8u144\9417\hotspot\src\share\vm\interpre
Event: 41.604 Thread 0x000000001a4de800 Implicit null exception at 0x00000000042bc040 to 0x00000000042bc989

Events (10 events):
Event: 41.941 loading class org/codehaus/plexus/components/io/fileselectors/FileSelector
Event: 41.941 loading class org/codehaus/plexus/components/io/fileselectors/FileSelector done
Event: 41.943 loading class org/codehaus/plexus/components/io/resources/PlexusIoResourceCollection
Event: 41.943 loading class org/codehaus/plexus/components/io/resources/PlexusIoResourceCollection done
Event: 41.943 loading class org/codehaus/plexus/components/io/resources/PlexusIoResourceCollection
Event: 41.943 loading class org/codehaus/plexus/components/io/resources/PlexusIoResourceCollection done
Event: 41.944 loading class org/codehaus/plexus/components/io/filemappers/FileMapper
Event: 41.944 loading class org/codehaus/plexus/components/io/filemappers/FileMapper done
Event: 41.944 loading class org/codehaus/plexus/components/io/filemappers/FileMapper
Event: 41.944 loading class org/codehaus/plexus/components/io/filemappers/FileMapper done


Dynamic libraries:
0x00007ff701130000 - 0x00007ff701167000 	C:\Program Files\Java\jdk1.8.0_144\bin\java.exe
0x00007ffbf5820000 - 0x00007ffbf5a01000 	C:\Windows\SYSTEM32\ntdll.dll
0x00007ffbf5240000 - 0x00007ffbf52f2000 	C:\Windows\System32\KERNEL32.DLL
0x00007ffbf28c0000 - 0x00007ffbf2b33000 	C:\Windows\System32\KERNELBASE.dll
0x00007ffbf31b0000 - 0x00007ffbf3251000 	C:\Windows\System32\ADVAPI32.dll
0x00007ffbf4da0000 - 0x00007ffbf4e3e000 	C:\Windows\System32\msvcrt.dll
0x00007ffbf3450000 - 0x00007ffbf34ab000 	C:\Windows\System32\sechost.dll
0x00007ffbf4e40000 - 0x00007ffbf4f64000 	C:\Windows\System32\RPCRT4.dll
0x00007ffbf3260000 - 0x00007ffbf33f0000 	C:\Windows\System32\USER32.dll
0x00007ffbf2c90000 - 0x00007ffbf2cb0000 	C:\Windows\System32\win32u.dll
0x00007ffbf34e0000 - 0x00007ffbf3508000 	C:\Windows\System32\GDI32.dll
0x00007ffbf1ca0000 - 0x00007ffbf1e32000 	C:\Windows\System32\gdi32full.dll
0x00007ffbf2820000 - 0x00007ffbf28bf000 	C:\Windows\System32\msvcp_win.dll
0x00007ffbf2b40000 - 0x00007ffbf2c3a000 	C:\Windows\System32\ucrtbase.dll
0x00007ffbe32e0000 - 0x00007ffbe3549000 	C:\Windows\WinSxS\amd64_microsoft.windows.common-controls_6595b64144ccf1df_6.0.17133.1_none_e4d992df105abfa4\COMCTL32.dll
0x00007ffbf2cc0000 - 0x00007ffbf2fe3000 	C:\Windows\System32\combase.dll
0x00007ffbf27a0000 - 0x00007ffbf281a000 	C:\Windows\System32\bcryptPrimitives.dll
0x00007ffbf5570000 - 0x00007ffbf559d000 	C:\Windows\System32\IMM32.DLL
0x00000000577e0000 - 0x00000000578b2000 	C:\Program Files\Java\jdk1.8.0_144\jre\bin\msvcr100.dll
0x0000000056f40000 - 0x00000000577dd000 	C:\Program Files\Java\jdk1.8.0_144\jre\bin\server\jvm.dll
0x00007ffbf34d0000 - 0x00007ffbf34d8000 	C:\Windows\System32\PSAPI.DLL
0x00007ffbe15e0000 - 0x00007ffbe15e9000 	C:\Windows\SYSTEM32\WSOCK32.dll
0x00007ffbf5010000 - 0x00007ffbf507c000 	C:\Windows\System32\WS2_32.dll
0x00007ffbef7b0000 - 0x00007ffbef7d3000 	C:\Windows\SYSTEM32\WINMM.dll
0x00007ffbecf70000 - 0x00007ffbecf7a000 	C:\Windows\SYSTEM32\VERSION.dll
0x00007ffbef440000 - 0x00007ffbef46a000 	C:\Windows\SYSTEM32\WINMMBASE.dll
0x00007ffbf2c40000 - 0x00007ffbf2c89000 	C:\Windows\System32\cfgmgr32.dll
0x0000000056f30000 - 0x0000000056f3f000 	C:\Program Files\Java\jdk1.8.0_144\jre\bin\verify.dll
0x0000000056f00000 - 0x0000000056f29000 	C:\Program Files\Java\jdk1.8.0_144\jre\bin\java.dll
0x0000000056ed0000 - 0x0000000056ef3000 	C:\Program Files\Java\jdk1.8.0_144\jre\bin\instrument.dll
0x0000000056eb0000 - 0x0000000056ec6000 	C:\Program Files\Java\jdk1.8.0_144\jre\bin\zip.dll
0x00007ffbf3510000 - 0x00007ffbf4950000 	C:\Windows\System32\SHELL32.dll
0x00007ffbf55a0000 - 0x00007ffbf5649000 	C:\Windows\System32\shcore.dll
0x00007ffbf1ea0000 - 0x00007ffbf25ad000 	C:\Windows\System32\windows.storage.dll
0x00007ffbf51e0000 - 0x00007ffbf5231000 	C:\Windows\System32\shlwapi.dll
0x00007ffbf1bd0000 - 0x00007ffbf1be1000 	C:\Windows\System32\kernel.appcore.dll
0x00007ffbf1b90000 - 0x00007ffbf1baf000 	C:\Windows\System32\profapi.dll
0x00007ffbf1b30000 - 0x00007ffbf1b7c000 	C:\Windows\System32\powrprof.dll
0x00007ffbf1b80000 - 0x00007ffbf1b8a000 	C:\Windows\System32\FLTLIB.DLL
0x00007ffbd9ae0000 - 0x00007ffbd9afa000 	D:\IntelliJ IDEA2018\IntelliJ IDEA 2018.2.4\bin\breakgen64.dll
0x0000000056e90000 - 0x0000000056eaa000 	C:\Program Files\Java\jdk1.8.0_144\jre\bin\net.dll
0x00007ffbf13b0000 - 0x00007ffbf1416000 	C:\Windows\system32\mswsock.dll
0x00007ffbf1560000 - 0x00007ffbf1577000 	C:\Windows\SYSTEM32\CRYPTSP.dll
0x00007ffbf0f90000 - 0x00007ffbf0fc3000 	C:\Windows\system32\rsaenh.dll
0x00007ffbf1690000 - 0x00007ffbf16b5000 	C:\Windows\SYSTEM32\bcrypt.dll
0x00007ffbf1a60000 - 0x00007ffbf1a88000 	C:\Windows\SYSTEM32\USERENV.dll
0x00007ffbf1580000 - 0x00007ffbf158b000 	C:\Windows\SYSTEM32\CRYPTBASE.dll
0x00007ffbf1130000 - 0x00007ffbf1168000 	C:\Windows\SYSTEM32\IPHLPAPI.DLL
0x00007ffbf2cb0000 - 0x00007ffbf2cb8000 	C:\Windows\System32\NSI.dll
0x00007ffbec420000 - 0x00007ffbec436000 	C:\Windows\SYSTEM32\dhcpcsvc6.DLL
0x00007ffbec360000 - 0x00007ffbec37a000 	C:\Windows\SYSTEM32\dhcpcsvc.DLL
0x0000000056e70000 - 0x0000000056e81000 	C:\Program Files\Java\jdk1.8.0_144\jre\bin\nio.dll
0x00007ffbd61a0000 - 0x00007ffbd61aa000 	C:\Users\roc\AppData\Local\Temp\jansi-1.17.1-8054890945779050428.dll
0x00007ffbd4790000 - 0x00007ffbd479a000 	C:\Users\roc\AppData\Local\Temp\jansi-1.17.1-7328383232917397772.dll
0x0000000056e40000 - 0x0000000056e64000 	C:\Program Files\Java\jdk1.8.0_144\jre\bin\sunec.dll
0x00007ffbf1170000 - 0x00007ffbf122e000 	C:\Windows\SYSTEM32\DNSAPI.dll
0x00007ffbeadd0000 - 0x00007ffbeadda000 	C:\Windows\System32\rasadhlp.dll
0x00007ffbeaef0000 - 0x00007ffbeaf62000 	C:\Windows\System32\fwpuclnt.dll
0x0000000056e30000 - 0x0000000056e3b000 	C:\Program Files\Java\jdk1.8.0_144\jre\bin\sunmscapi.dll
0x00007ffbf25b0000 - 0x00007ffbf2792000 	C:\Windows\System32\CRYPT32.dll
0x00007ffbf1bb0000 - 0x00007ffbf1bc2000 	C:\Windows\System32\MSASN1.dll
0x0000000056e20000 - 0x0000000056e2d000 	C:\Program Files\Java\jdk1.8.0_144\jre\bin\management.dll
0x00007ffbda620000 - 0x00007ffbda636000 	C:\Windows\system32\napinsp.dll
0x00007ffbda600000 - 0x00007ffbda61a000 	C:\Windows\system32\pnrpnsp.dll
0x00007ffbede80000 - 0x00007ffbede99000 	C:\Windows\system32\NLAapi.dll
0x00007ffbda5f0000 - 0x00007ffbda5fe000 	C:\Windows\System32\winrnr.dll
0x00007ffbda5d0000 - 0x00007ffbda5e5000 	C:\Windows\System32\wshbth.dll

VM Arguments:
jvm_args: -Dmaven.multiModuleProjectDirectory=D:\IntelliJ IDEA2018\ideabianyi\springcloudtext\demo02 -Dmaven.home=D:\apache-maven-3.6.0-bin\apache-maven-3.6.0 -Dclassworlds.conf=D:\apache-maven-3.6.0-bin\apache-maven-3.6.0\bin\m2.conf -javaagent:D:\IntelliJ IDEA2018\IntelliJ IDEA 2018.2.4\lib\idea_rt.jar=53213:D:\IntelliJ IDEA2018\IntelliJ IDEA 2018.2.4\bin -Dfile.encoding=UTF-8 
java_command: org.codehaus.classworlds.Launcher -Didea.version=2018.2.4 -s D:\apache-maven-3.6.0-bin\apache-maven-3.6.0\conf\settings.xml -DskipTests=true install
java_class_path (initial): D:\apache-maven-3.6.0-bin\apache-maven-3.6.0\boot\plexus-classworlds-2.5.2.jar;D:\IntelliJ IDEA2018\IntelliJ IDEA 2018.2.4\lib\idea_rt.jar
Launcher Type: SUN_STANDARD

Environment Variables:
JAVA_HOME=C:\Program Files\Java\jdk1.8.0_144
CLASSPATH=¡¾.;C:\Program Files\Java\jdk1.8.0_144\lib\tools.jar;C:\Program Files\Java\jdk1.8.0_144\lib\dt.jar
PATH=F:\×ÀÃæ¹Ü¼Ò\360Desktop;D:\Linux\Xftp 6\;C:\ProgramData\Oracle\Java\javapath;C:\Windows\system32;C:\Windows;C:\Windows\System32\Wbem;C:\Windows\System32\WindowsPowerShell\v1.0\;C:\Windows\System32\OpenSSH\;C:\Program Files (x86)\NVIDIA Corporation\PhysX\Common;C:\Program Files\NVIDIA Corporation\NVIDIA NvDLISR;C:\Program Files\Java\jdk1.8.0_144\bin;D:\Mysql\mysql\bin;D:\apache-maven-3.6.0-bin\apache-maven-3.6.0\bin;C:\Program Files\Git\cmd;C:\Program Files\TortoiseGit\bin;C:\Users\roc\AppData\Local\Microsoft\WindowsApps;
USERNAME=roc
OS=Windows_NT
PROCESSOR_IDENTIFIER=Intel64 Family 6 Model 158 Stepping 9, GenuineIntel



---------------  S Y S T E M  ---------------

OS: Windows 10.0 , 64 bit Build 17133 (10.0.17133.1)

CPU:total 4 (initial active 4) (4 cores per cpu, 1 threads per core) family 6 model 158 stepping 9, cmov, cx8, fxsr, mmx, sse, sse2, sse3, ssse3, sse4.1, sse4.2, popcnt, avx, avx2, aes, clmul, erms, 3dnowpref, lzcnt, tsc, tscinvbit, bmi1, bmi2, adx

Memory: 4k page, physical 8272848k(2181484k free), swap 8272848k(5316k free)

vm_info: Java HotSpot(TM) 64-Bit Server VM (25.144-b01) for windows-amd64 JRE (1.8.0_144-b01), built on Jul 21 2017 21:57:33 by "java_re" with MS VC++ 10.0 (VS2010)

time: Sun Jul 21 10:05:51 2019
elapsed time: 41 seconds (0d 0h 0m 41s)

